<?xml version="1.0" encoding="UTF-8"?>
<testng-results skipped="0" failed="0" total="1" passed="1">
  <reporter-output>
  </reporter-output>
  <suite name="Default suite" duration-ms="1244241" started-at="2016-11-02T03:29:25Z" finished-at="2016-11-02T03:50:10Z">
    <groups>
    </groups>
    <test name="Default test" duration-ms="1244241" started-at="2016-11-02T03:29:25Z" finished-at="2016-11-02T03:50:10Z">
      <class name="com.Selenium_main.Selenium_TestNg">
        <test-method status="PASS" signature="f()[pri:0, instance:com.Selenium_main.Selenium_TestNg@34d63f]" name="f" duration-ms="1244209" started-at="2016-11-01T23:29:25Z" finished-at="2016-11-01T23:50:10Z">
          <reporter-output>
          </reporter-output>
        </test-method> <!-- f -->
      </class> <!-- com.Selenium_main.Selenium_TestNg -->
    </test> <!-- Default test -->
  </suite> <!-- Default suite -->
</testng-results>
